#
# There is insufficient memory for the Java Runtime Environment to continue.
# Native memory allocation (malloc) failed to allocate 32744 bytes for ChunkPool::allocate
# Possible reasons:
#   The system is out of physical RAM or swap space
#   The process is running with CompressedOops enabled, and the Java Heap may be blocking the growth of the native heap
# Possible solutions:
#   Reduce memory load on the system
#   Increase physical memory or swap space
#   Check if swap backing store is full
#   Decrease Java heap size (-Xmx/-Xms)
#   Decrease number of Java threads
#   Decrease Java thread stack sizes (-Xss)
#   Set larger code cache with -XX:ReservedCodeCacheSize=
#   JVM is running with Unscaled Compressed Oops mode in which the Java heap is
#     placed in the first 4GB address space. The Java Heap base address is the
#     maximum limit for the native heap growth. Please use -XX:HeapBaseMinAddress
#     to set the Java Heap base and to place the Java Heap above 4GB virtual address.
# This output file may be truncated or incomplete.
#
#  Out of Memory Error (./open/src/hotspot/share/memory/arena.cpp:79), pid=18608, tid=17312
#
# JRE version: Java(TM) SE Runtime Environment (14.0.1+7) (build 14.0.1+7)
# Java VM: Java HotSpot(TM) 64-Bit Server VM (14.0.1+7, mixed mode, sharing, tiered, compressed oops, g1 gc, windows-amd64)
# No core dump will be written. Minidumps are not enabled by default on client versions of Windows
#

---------------  S U M M A R Y ------------

Command Line: -Dfile.encoding=Cp1252 BaseDriver.FrameworkDriver

Host: Intel(R) Core(TM) i5-8300H CPU @ 2.30GHz, 8 cores, 7G,  Windows 10 , 64 bit Build 18362 (10.0.18362.900)
Time: Thu Jul  9 09:48:05 2020 Arab Standard Time elapsed time: 29176 seconds (0d 8h 6m 16s)

---------------  T H R E A D  ---------------

Current thread (0x0000018946278800):  JavaThread "C2 CompilerThread0" daemon [_thread_in_native, id=17312, stack(0x0000004f3fa00000,0x0000004f3fb00000)]


Current CompileTask:
C2:29176515 2066       4       java.util.concurrent.ConcurrentHashMap$Traverser::<init> (36 bytes)

Stack: [0x0000004f3fa00000,0x0000004f3fb00000]
Native frames: (J=compiled Java code, j=interpreted, Vv=VM code, C=native code)
V  [jvm.dll+0x5f840a]
V  [jvm.dll+0x741e4a]
V  [jvm.dll+0x7435ff]
V  [jvm.dll+0x743c43]
V  [jvm.dll+0x20d288]
V  [jvm.dll+0xabea6]
V  [jvm.dll+0xabc7d]
V  [jvm.dll+0x5d934b]
V  [jvm.dll+0x62153e]
V  [jvm.dll+0x18cecc]
V  [jvm.dll+0x1e5efa]
V  [jvm.dll+0x1e50b8]
V  [jvm.dll+0x1779cc]
V  [jvm.dll+0x1f4105]
V  [jvm.dll+0x1f22eb]
V  [jvm.dll+0x706a9d]
V  [jvm.dll+0x6ff8ba]
V  [jvm.dll+0x5f72c6]
C  [ucrtbase.dll+0x20e82]
C  [KERNEL32.DLL+0x17bd4]
C  [ntdll.dll+0x6ce51]


---------------  P R O C E S S  ---------------

Threads class SMR info:
_java_thread_list=0x00000189477f9ca0, length=17, elements={
0x000001894593f000, 0x0000018945940800, 0x0000018945960000, 0x0000018945961000,
0x0000018945963000, 0x0000018946278800, 0x000001894629a000, 0x00000189462af000,
0x00000189463cc000, 0x00000189463cc800, 0x00000189463c9800, 0x00000189463ca000,
0x00000189463cb000, 0x00000189463c7000, 0x00000189463c7800, 0x00000189463cd800,
0x000001894647c800
}

Java Threads: ( => current thread )
  0x000001894593f000 JavaThread "Reference Handler" daemon [_thread_blocked, id=27356, stack(0x0000004f3f500000,0x0000004f3f600000)]
  0x0000018945940800 JavaThread "Finalizer" daemon [_thread_blocked, id=24400, stack(0x0000004f3f600000,0x0000004f3f700000)]
  0x0000018945960000 JavaThread "Signal Dispatcher" daemon [_thread_blocked, id=21240, stack(0x0000004f3f700000,0x0000004f3f800000)]
  0x0000018945961000 JavaThread "Attach Listener" daemon [_thread_blocked, id=6644, stack(0x0000004f3f800000,0x0000004f3f900000)]
  0x0000018945963000 JavaThread "Service Thread" daemon [_thread_blocked, id=15032, stack(0x0000004f3f900000,0x0000004f3fa00000)]
=>0x0000018946278800 JavaThread "C2 CompilerThread0" daemon [_thread_in_native, id=17312, stack(0x0000004f3fa00000,0x0000004f3fb00000)]
  0x000001894629a000 JavaThread "C1 CompilerThread0" daemon [_thread_blocked, id=20956, stack(0x0000004f3fb00000,0x0000004f3fc00000)]
  0x00000189462af000 JavaThread "Sweeper thread" daemon [_thread_blocked, id=19688, stack(0x0000004f3fc00000,0x0000004f3fd00000)]
  0x00000189463cc000 JavaThread "Notification Thread" daemon [_thread_blocked, id=25800, stack(0x0000004f3fd00000,0x0000004f3fe00000)]
  0x00000189463cc800 JavaThread "Common-Cleaner" daemon [_thread_blocked, id=6188, stack(0x0000004f3ff00000,0x0000004f40000000)]
  0x00000189463c9800 JavaThread "ForkJoinPool.commonPool-worker-3" daemon [_thread_blocked, id=18944, stack(0x0000004f40000000,0x0000004f40100000)]
  0x00000189463ca000 JavaThread "AsyncHttpClient-timer-1-1" [_thread_blocked, id=6576, stack(0x0000004f40400000,0x0000004f40500000)]
  0x00000189463cb000 JavaThread "Exec Default Executor" daemon [_thread_in_native, id=1952, stack(0x0000004f40600000,0x0000004f40700000)]
  0x00000189463c7000 JavaThread "Exec Stream Pumper" daemon [_thread_in_native, id=16480, stack(0x0000004f40900000,0x0000004f40a00000)]
  0x00000189463c7800 JavaThread "Exec Stream Pumper" daemon [_thread_in_native, id=11700, stack(0x0000004f40a00000,0x0000004f40b00000)]
  0x00000189463cd800 JavaThread "AsyncHttpClient-3-1" [_thread_in_native, id=13272, stack(0x0000004f40100000,0x0000004f40200000)]
  0x000001894647c800 JavaThread "DestroyJavaVM" [_thread_blocked, id=22640, stack(0x0000004f3ee00000,0x0000004f3ef00000)]

Other Threads:
  0x000001894593c000 VMThread "VM Thread" [stack: 0x0000004f3f400000,0x0000004f3f500000] [id=22932]
  0x00000189463d2800 WatcherThread [stack: 0x0000004f3fe00000,0x0000004f3ff00000] [id=21668]
  0x00000189269cb000 GCTaskThread "GC Thread#0" [stack: 0x0000004f3ef00000,0x0000004f3f000000] [id=8412]
  0x0000018946db5800 GCTaskThread "GC Thread#1" [stack: 0x0000004f40200000,0x0000004f40300000] [id=23316]
  0x0000018946e58800 GCTaskThread "GC Thread#2" [stack: 0x0000004f40300000,0x0000004f40400000] [id=23656]
  0x0000018947483000 GCTaskThread "GC Thread#3" [stack: 0x0000004f40500000,0x0000004f40600000] [id=26892]
  0x00000189269dc800 ConcurrentGCThread "G1 Main Marker" [stack: 0x0000004f3f000000,0x0000004f3f100000] [id=7908]
  0x00000189269de000 ConcurrentGCThread "G1 Conc#0" [stack: 0x0000004f3f100000,0x0000004f3f200000] [id=25440]
  0x00000189457ad800 ConcurrentGCThread "G1 Refine#0" [stack: 0x0000004f3f200000,0x0000004f3f300000] [id=25888]
  0x00000189457af000 ConcurrentGCThread "G1 Young RemSet Sampling" [stack: 0x0000004f3f300000,0x0000004f3f400000] [id=7364]

Threads with active compile tasks:
C2 CompilerThread0  29176628 2066       4       java.util.concurrent.ConcurrentHashMap$Traverser::<init> (36 bytes)

VM state:not at safepoint (normal execution)

VM Mutex/Monitor currently owned by a thread: None

Heap address: 0x0000000082600000, size: 2010 MB, Compressed Oops mode: 32-bit
Narrow klass base: 0x0000000800000000, Narrow klass shift: 3
Compressed class space size: 1073741824 Address: 0x0000000800b30000

Heap:
 garbage-first heap   total 129024K, used 66094K [0x0000000082600000, 0x0000000100000000)
  region size 1024K, 45 young (46080K), 3 survivors (3072K)
 Metaspace       used 17637K, capacity 18280K, committed 18560K, reserved 1064960K
  class space    used 2093K, capacity 2316K, committed 2432K, reserved 1048576K
Heap Regions: E=young(eden), S=young(survivor), O=old, HS=humongous(starts), HC=humongous(continues), CS=collection set, F=free, OA=open archive, CA=closed archive, TAMS=top-at-mark-start (previous, next)
|   0|0x0000000082600000, 0x0000000082700000, 0x0000000082700000|100%| O|  |TAMS 0x0000000082600000, 0x0000000082600000| Untracked 
|   1|0x0000000082700000, 0x0000000082800000, 0x0000000082800000|100%| O|  |TAMS 0x0000000082700000, 0x0000000082700000| Untracked 
|   2|0x0000000082800000, 0x0000000082900000, 0x0000000082900000|100%| O|  |TAMS 0x0000000082800000, 0x0000000082800000| Untracked 
|   3|0x0000000082900000, 0x00000000829b5c00, 0x0000000082a00000| 70%| O|  |TAMS 0x0000000082900000, 0x0000000082900000| Untracked 
|   4|0x0000000082a00000, 0x0000000082b00000, 0x0000000082b00000|100%|HS|  |TAMS 0x0000000082a00000, 0x0000000082a00000| Complete 
|   5|0x0000000082b00000, 0x0000000082c00000, 0x0000000082c00000|100%|HC|  |TAMS 0x0000000082b00000, 0x0000000082b00000| Complete 
|   6|0x0000000082c00000, 0x0000000082d00000, 0x0000000082d00000|100%|HC|  |TAMS 0x0000000082c00000, 0x0000000082c00000| Complete 
|   7|0x0000000082d00000, 0x0000000082e00000, 0x0000000082e00000|100%|HC|  |TAMS 0x0000000082d00000, 0x0000000082d00000| Complete 
|   8|0x0000000082e00000, 0x0000000082f00000, 0x0000000082f00000|100%|HC|  |TAMS 0x0000000082e00000, 0x0000000082e00000| Complete 
|   9|0x0000000082f00000, 0x0000000083000000, 0x0000000083000000|100%|HC|  |TAMS 0x0000000082f00000, 0x0000000082f00000| Complete 
|  10|0x0000000083000000, 0x0000000083100000, 0x0000000083100000|100%|HC|  |TAMS 0x0000000083000000, 0x0000000083000000| Complete 
|  11|0x0000000083100000, 0x0000000083200000, 0x0000000083200000|100%|HC|  |TAMS 0x0000000083100000, 0x0000000083100000| Complete 
|  12|0x0000000083200000, 0x0000000083300000, 0x0000000083300000|100%|HC|  |TAMS 0x0000000083200000, 0x0000000083200000| Complete 
|  13|0x0000000083300000, 0x0000000083400000, 0x0000000083400000|100%|HC|  |TAMS 0x0000000083300000, 0x0000000083300000| Complete 
|  14|0x0000000083400000, 0x0000000083500000, 0x0000000083500000|100%|HC|  |TAMS 0x0000000083400000, 0x0000000083400000| Complete 
|  15|0x0000000083500000, 0x0000000083600000, 0x0000000083600000|100%|HC|  |TAMS 0x0000000083500000, 0x0000000083500000| Complete 
|  16|0x0000000083600000, 0x0000000083700000, 0x0000000083700000|100%|HC|  |TAMS 0x0000000083600000, 0x0000000083600000| Complete 
|  17|0x0000000083700000, 0x0000000083800000, 0x0000000083800000|100%|HC|  |TAMS 0x0000000083700000, 0x0000000083700000| Complete 
|  18|0x0000000083800000, 0x0000000083900000, 0x0000000083900000|100%|HC|  |TAMS 0x0000000083800000, 0x0000000083800000| Complete 
|  19|0x0000000083900000, 0x0000000083a00000, 0x0000000083a00000|100%|HC|  |TAMS 0x0000000083900000, 0x0000000083900000| Complete 
|  20|0x0000000083a00000, 0x0000000083b00000, 0x0000000083b00000|100%|HC|  |TAMS 0x0000000083a00000, 0x0000000083a00000| Complete 
|  21|0x0000000083b00000, 0x0000000083b00000, 0x0000000083c00000|  0%| F|  |TAMS 0x0000000083b00000, 0x0000000083b00000| Untracked 
|  22|0x0000000083c00000, 0x0000000083c00000, 0x0000000083d00000|  0%| F|  |TAMS 0x0000000083c00000, 0x0000000083c00000| Untracked 
|  23|0x0000000083d00000, 0x0000000083d00000, 0x0000000083e00000|  0%| F|  |TAMS 0x0000000083d00000, 0x0000000083d00000| Untracked 
|  24|0x0000000083e00000, 0x0000000083e00000, 0x0000000083f00000|  0%| F|  |TAMS 0x0000000083e00000, 0x0000000083e00000| Untracked 
|  25|0x0000000083f00000, 0x0000000083f00000, 0x0000000084000000|  0%| F|  |TAMS 0x0000000083f00000, 0x0000000083f00000| Untracked 
|  26|0x0000000084000000, 0x0000000084000000, 0x0000000084100000|  0%| F|  |TAMS 0x0000000084000000, 0x0000000084000000| Untracked 
|  27|0x0000000084100000, 0x0000000084100000, 0x0000000084200000|  0%| F|  |TAMS 0x0000000084100000, 0x0000000084100000| Untracked 
|  28|0x0000000084200000, 0x0000000084200000, 0x0000000084300000|  0%| F|  |TAMS 0x0000000084200000, 0x0000000084200000| Untracked 
|  29|0x0000000084300000, 0x0000000084300000, 0x0000000084400000|  0%| F|  |TAMS 0x0000000084300000, 0x0000000084300000| Untracked 
|  30|0x0000000084400000, 0x0000000084400000, 0x0000000084500000|  0%| F|  |TAMS 0x0000000084400000, 0x0000000084400000| Untracked 
|  31|0x0000000084500000, 0x0000000084500000, 0x0000000084600000|  0%| F|  |TAMS 0x0000000084500000, 0x0000000084500000| Untracked 
|  32|0x0000000084600000, 0x0000000084600000, 0x0000000084700000|  0%| F|  |TAMS 0x0000000084600000, 0x0000000084600000| Untracked 
|  33|0x0000000084700000, 0x0000000084700000, 0x0000000084800000|  0%| F|  |TAMS 0x0000000084700000, 0x0000000084700000| Untracked 
|  34|0x0000000084800000, 0x0000000084800000, 0x0000000084900000|  0%| F|  |TAMS 0x0000000084800000, 0x0000000084800000| Untracked 
|  35|0x0000000084900000, 0x0000000084900000, 0x0000000084a00000|  0%| F|  |TAMS 0x0000000084900000, 0x0000000084900000| Untracked 
|  36|0x0000000084a00000, 0x0000000084a00000, 0x0000000084b00000|  0%| F|  |TAMS 0x0000000084a00000, 0x0000000084a00000| Untracked 
|  37|0x0000000084b00000, 0x0000000084b00000, 0x0000000084c00000|  0%| F|  |TAMS 0x0000000084b00000, 0x0000000084b00000| Untracked 
|  38|0x0000000084c00000, 0x0000000084c00000, 0x0000000084d00000|  0%| F|  |TAMS 0x0000000084c00000, 0x0000000084c00000| Untracked 
|  39|0x0000000084d00000, 0x0000000084d00000, 0x0000000084e00000|  0%| F|  |TAMS 0x0000000084d00000, 0x0000000084d00000| Untracked 
|  40|0x0000000084e00000, 0x0000000084e00000, 0x0000000084f00000|  0%| F|  |TAMS 0x0000000084e00000, 0x0000000084e00000| Untracked 
|  41|0x0000000084f00000, 0x0000000084f00000, 0x0000000085000000|  0%| F|  |TAMS 0x0000000084f00000, 0x0000000084f00000| Untracked 
|  42|0x0000000085000000, 0x0000000085000000, 0x0000000085100000|  0%| F|  |TAMS 0x0000000085000000, 0x0000000085000000| Untracked 
|  43|0x0000000085100000, 0x0000000085100000, 0x0000000085200000|  0%| F|  |TAMS 0x0000000085100000, 0x0000000085100000| Untracked 
|  44|0x0000000085200000, 0x0000000085200000, 0x0000000085300000|  0%| F|  |TAMS 0x0000000085200000, 0x0000000085200000| Untracked 
|  45|0x0000000085300000, 0x0000000085300000, 0x0000000085400000|  0%| F|  |TAMS 0x0000000085300000, 0x0000000085300000| Untracked 
|  46|0x0000000085400000, 0x0000000085400000, 0x0000000085500000|  0%| F|  |TAMS 0x0000000085400000, 0x0000000085400000| Untracked 
|  47|0x0000000085500000, 0x0000000085500000, 0x0000000085600000|  0%| F|  |TAMS 0x0000000085500000, 0x0000000085500000| Untracked 
|  48|0x0000000085600000, 0x0000000085600000, 0x0000000085700000|  0%| F|  |TAMS 0x0000000085600000, 0x0000000085600000| Untracked 
|  49|0x0000000085700000, 0x0000000085700000, 0x0000000085800000|  0%| F|  |TAMS 0x0000000085700000, 0x0000000085700000| Untracked 
|  50|0x0000000085800000, 0x0000000085800000, 0x0000000085900000|  0%| F|  |TAMS 0x0000000085800000, 0x0000000085800000| Untracked 
|  51|0x0000000085900000, 0x0000000085900000, 0x0000000085a00000|  0%| F|  |TAMS 0x0000000085900000, 0x0000000085900000| Untracked 
|  52|0x0000000085a00000, 0x0000000085a00000, 0x0000000085b00000|  0%| F|  |TAMS 0x0000000085a00000, 0x0000000085a00000| Untracked 
|  53|0x0000000085b00000, 0x0000000085b00000, 0x0000000085c00000|  0%| F|  |TAMS 0x0000000085b00000, 0x0000000085b00000| Untracked 
|  54|0x0000000085c00000, 0x0000000085c00000, 0x0000000085d00000|  0%| F|  |TAMS 0x0000000085c00000, 0x0000000085c00000| Untracked 
|  55|0x0000000085d00000, 0x0000000085d00000, 0x0000000085e00000|  0%| F|  |TAMS 0x0000000085d00000, 0x0000000085d00000| Untracked 
|  56|0x0000000085e00000, 0x0000000085e00000, 0x0000000085f00000|  0%| F|  |TAMS 0x0000000085e00000, 0x0000000085e00000| Untracked 
|  57|0x0000000085f00000, 0x0000000085f00000, 0x0000000086000000|  0%| F|  |TAMS 0x0000000085f00000, 0x0000000085f00000| Untracked 
|  58|0x0000000086000000, 0x0000000086000000, 0x0000000086100000|  0%| F|  |TAMS 0x0000000086000000, 0x0000000086000000| Untracked 
|  59|0x0000000086100000, 0x0000000086100000, 0x0000000086200000|  0%| F|  |TAMS 0x0000000086100000, 0x0000000086100000| Untracked 
|  60|0x0000000086200000, 0x0000000086200000, 0x0000000086300000|  0%| F|  |TAMS 0x0000000086200000, 0x0000000086200000| Untracked 
|  61|0x0000000086300000, 0x0000000086300000, 0x0000000086400000|  0%| F|  |TAMS 0x0000000086300000, 0x0000000086300000| Untracked 
|  62|0x0000000086400000, 0x0000000086400000, 0x0000000086500000|  0%| F|  |TAMS 0x0000000086400000, 0x0000000086400000| Untracked 
|  63|0x0000000086500000, 0x0000000086500000, 0x0000000086600000|  0%| F|  |TAMS 0x0000000086500000, 0x0000000086500000| Untracked 
|  64|0x0000000086600000, 0x0000000086600000, 0x0000000086700000|  0%| F|  |TAMS 0x0000000086600000, 0x0000000086600000| Untracked 
|  65|0x0000000086700000, 0x0000000086700000, 0x0000000086800000|  0%| F|  |TAMS 0x0000000086700000, 0x0000000086700000| Untracked 
|  66|0x0000000086800000, 0x0000000086800000, 0x0000000086900000|  0%| F|  |TAMS 0x0000000086800000, 0x0000000086800000| Untracked 
|  67|0x0000000086900000, 0x0000000086900000, 0x0000000086a00000|  0%| F|  |TAMS 0x0000000086900000, 0x0000000086900000| Untracked 
|  68|0x0000000086a00000, 0x0000000086a00000, 0x0000000086b00000|  0%| F|  |TAMS 0x0000000086a00000, 0x0000000086a00000| Untracked 
|  69|0x0000000086b00000, 0x0000000086b00000, 0x0000000086c00000|  0%| F|  |TAMS 0x0000000086b00000, 0x0000000086b00000| Untracked 
|  70|0x0000000086c00000, 0x0000000086c00000, 0x0000000086d00000|  0%| F|  |TAMS 0x0000000086c00000, 0x0000000086c00000| Untracked 
|  71|0x0000000086d00000, 0x0000000086d00000, 0x0000000086e00000|  0%| F|  |TAMS 0x0000000086d00000, 0x0000000086d00000| Untracked 
|  72|0x0000000086e00000, 0x0000000086e00000, 0x0000000086f00000|  0%| F|  |TAMS 0x0000000086e00000, 0x0000000086e00000| Untracked 
|  73|0x0000000086f00000, 0x0000000086f00000, 0x0000000087000000|  0%| F|  |TAMS 0x0000000086f00000, 0x0000000086f00000| Untracked 
|  74|0x0000000087000000, 0x0000000087000000, 0x0000000087100000|  0%| F|  |TAMS 0x0000000087000000, 0x0000000087000000| Untracked 
|  75|0x0000000087100000, 0x0000000087100000, 0x0000000087200000|  0%| F|  |TAMS 0x0000000087100000, 0x0000000087100000| Untracked 
|  76|0x0000000087200000, 0x0000000087200000, 0x0000000087300000|  0%| F|  |TAMS 0x0000000087200000, 0x0000000087200000| Untracked 
|  77|0x0000000087300000, 0x0000000087300000, 0x0000000087400000|  0%| F|  |TAMS 0x0000000087300000, 0x0000000087300000| Untracked 
|  78|0x0000000087400000, 0x0000000087400000, 0x0000000087500000|  0%| F|  |TAMS 0x0000000087400000, 0x0000000087400000| Untracked 
|  79|0x0000000087500000, 0x0000000087500000, 0x0000000087600000|  0%| F|  |TAMS 0x0000000087500000, 0x0000000087500000| Untracked 
|  80|0x0000000087600000, 0x0000000087600000, 0x0000000087700000|  0%| F|  |TAMS 0x0000000087600000, 0x0000000087600000| Untracked 
|  81|0x0000000087700000, 0x0000000087800000, 0x0000000087800000|100%| E|  |TAMS 0x0000000087700000, 0x0000000087700000| Complete 
|  82|0x0000000087800000, 0x0000000087900000, 0x0000000087900000|100%| E|CS|TAMS 0x0000000087800000, 0x0000000087800000| Complete 
|  83|0x0000000087900000, 0x0000000087a00000, 0x0000000087a00000|100%| E|CS|TAMS 0x0000000087900000, 0x0000000087900000| Complete 
|  84|0x0000000087a00000, 0x0000000087b00000, 0x0000000087b00000|100%| E|CS|TAMS 0x0000000087a00000, 0x0000000087a00000| Complete 
|  85|0x0000000087b00000, 0x0000000087c00000, 0x0000000087c00000|100%| E|CS|TAMS 0x0000000087b00000, 0x0000000087b00000| Complete 
|  86|0x0000000087c00000, 0x0000000087d00000, 0x0000000087d00000|100%| E|CS|TAMS 0x0000000087c00000, 0x0000000087c00000| Complete 
|  87|0x0000000087d00000, 0x0000000087e00000, 0x0000000087e00000|100%| E|CS|TAMS 0x0000000087d00000, 0x0000000087d00000| Complete 
|  88|0x0000000087e00000, 0x0000000087f00000, 0x0000000087f00000|100%| E|CS|TAMS 0x0000000087e00000, 0x0000000087e00000| Complete 
|  89|0x0000000087f00000, 0x0000000088000000, 0x0000000088000000|100%| E|CS|TAMS 0x0000000087f00000, 0x0000000087f00000| Complete 
|  90|0x0000000088000000, 0x00000000880d5f10, 0x0000000088100000| 83%| S|CS|TAMS 0x0000000088000000, 0x0000000088000000| Complete 
|  91|0x0000000088100000, 0x0000000088200000, 0x0000000088200000|100%| S|CS|TAMS 0x0000000088100000, 0x0000000088100000| Complete 
|  92|0x0000000088200000, 0x0000000088300000, 0x0000000088300000|100%| S|CS|TAMS 0x0000000088200000, 0x0000000088200000| Complete 
|  93|0x0000000088300000, 0x0000000088400000, 0x0000000088400000|100%| E|CS|TAMS 0x0000000088300000, 0x0000000088300000| Complete 
|  94|0x0000000088400000, 0x0000000088500000, 0x0000000088500000|100%| E|CS|TAMS 0x0000000088400000, 0x0000000088400000| Complete 
|  95|0x0000000088500000, 0x0000000088600000, 0x0000000088600000|100%| E|CS|TAMS 0x0000000088500000, 0x0000000088500000| Complete 
|  96|0x0000000088600000, 0x0000000088700000, 0x0000000088700000|100%| E|CS|TAMS 0x0000000088600000, 0x0000000088600000| Complete 
|  97|0x0000000088700000, 0x0000000088800000, 0x0000000088800000|100%| E|CS|TAMS 0x0000000088700000, 0x0000000088700000| Complete 
|  98|0x0000000088800000, 0x0000000088900000, 0x0000000088900000|100%| E|CS|TAMS 0x0000000088800000, 0x0000000088800000| Complete 
|  99|0x0000000088900000, 0x0000000088a00000, 0x0000000088a00000|100%| E|CS|TAMS 0x0000000088900000, 0x0000000088900000| Complete 
| 100|0x0000000088a00000, 0x0000000088b00000, 0x0000000088b00000|100%| E|CS|TAMS 0x0000000088a00000, 0x0000000088a00000| Complete 
| 101|0x0000000088b00000, 0x0000000088c00000, 0x0000000088c00000|100%| E|CS|TAMS 0x0000000088b00000, 0x0000000088b00000| Complete 
| 102|0x0000000088c00000, 0x0000000088d00000, 0x0000000088d00000|100%| E|CS|TAMS 0x0000000088c00000, 0x0000000088c00000| Complete 
| 103|0x0000000088d00000, 0x0000000088e00000, 0x0000000088e00000|100%| E|CS|TAMS 0x0000000088d00000, 0x0000000088d00000| Complete 
| 104|0x0000000088e00000, 0x0000000088f00000, 0x0000000088f00000|100%| E|CS|TAMS 0x0000000088e00000, 0x0000000088e00000| Complete 
| 105|0x0000000088f00000, 0x0000000089000000, 0x0000000089000000|100%| E|CS|TAMS 0x0000000088f00000, 0x0000000088f00000| Complete 
| 106|0x0000000089000000, 0x0000000089100000, 0x0000000089100000|100%| E|CS|TAMS 0x0000000089000000, 0x0000000089000000| Complete 
| 107|0x0000000089100000, 0x0000000089200000, 0x0000000089200000|100%| E|CS|TAMS 0x0000000089100000, 0x0000000089100000| Complete 
| 108|0x0000000089200000, 0x0000000089300000, 0x0000000089300000|100%| E|CS|TAMS 0x0000000089200000, 0x0000000089200000| Complete 
| 109|0x0000000089300000, 0x0000000089400000, 0x0000000089400000|100%| E|CS|TAMS 0x0000000089300000, 0x0000000089300000| Complete 
| 110|0x0000000089400000, 0x0000000089500000, 0x0000000089500000|100%| E|CS|TAMS 0x0000000089400000, 0x0000000089400000| Complete 
| 111|0x0000000089500000, 0x0000000089600000, 0x0000000089600000|100%| E|CS|TAMS 0x0000000089500000, 0x0000000089500000| Complete 
| 112|0x0000000089600000, 0x0000000089700000, 0x0000000089700000|100%| E|CS|TAMS 0x0000000089600000, 0x0000000089600000| Complete 
| 113|0x0000000089700000, 0x0000000089800000, 0x0000000089800000|100%| E|CS|TAMS 0x0000000089700000, 0x0000000089700000| Complete 
| 114|0x0000000089800000, 0x0000000089900000, 0x0000000089900000|100%| E|CS|TAMS 0x0000000089800000, 0x0000000089800000| Complete 
| 115|0x0000000089900000, 0x0000000089a00000, 0x0000000089a00000|100%| E|CS|TAMS 0x0000000089900000, 0x0000000089900000| Complete 
| 116|0x0000000089a00000, 0x0000000089b00000, 0x0000000089b00000|100%| E|CS|TAMS 0x0000000089a00000, 0x0000000089a00000| Complete 
| 117|0x0000000089b00000, 0x0000000089c00000, 0x0000000089c00000|100%| E|CS|TAMS 0x0000000089b00000, 0x0000000089b00000| Complete 
| 118|0x0000000089c00000, 0x0000000089d00000, 0x0000000089d00000|100%| E|CS|TAMS 0x0000000089c00000, 0x0000000089c00000| Complete 
| 119|0x0000000089d00000, 0x0000000089e00000, 0x0000000089e00000|100%| E|CS|TAMS 0x0000000089d00000, 0x0000000089d00000| Complete 
| 120|0x0000000089e00000, 0x0000000089f00000, 0x0000000089f00000|100%| E|CS|TAMS 0x0000000089e00000, 0x0000000089e00000| Complete 
| 121|0x0000000089f00000, 0x000000008a000000, 0x000000008a000000|100%| E|CS|TAMS 0x0000000089f00000, 0x0000000089f00000| Complete 
| 122|0x000000008a000000, 0x000000008a100000, 0x000000008a100000|100%| E|CS|TAMS 0x000000008a000000, 0x000000008a000000| Complete 
| 123|0x000000008a100000, 0x000000008a200000, 0x000000008a200000|100%| E|CS|TAMS 0x000000008a100000, 0x000000008a100000| Complete 
| 124|0x000000008a200000, 0x000000008a300000, 0x000000008a300000|100%| E|CS|TAMS 0x000000008a200000, 0x000000008a200000| Complete 
| 125|0x000000008a300000, 0x000000008a400000, 0x000000008a400000|100%| E|CS|TAMS 0x000000008a300000, 0x000000008a300000| Complete 

Card table byte_map: [0x000001893e830000,0x000001893ec20000] _byte_map_base: 0x000001893e41d000

Marking Bits (Prev, Next): (CMBitMap*) 0x00000189269cbc78, (CMBitMap*) 0x00000189269cbcb8
 Prev Bits: [0x000001893f010000, 0x0000018940f78000)
 Next Bits: [0x0000018940f80000, 0x0000018942ee8000)

Polling page: 0x0000018924850000

Metaspace:

Usage:
  Non-class:     15.59 MB capacity,    15.18 MB ( 97%) used,   362.69 KB (  2%) free+waste,    57.63 KB ( <1%) overhead. 
      Class:      2.26 MB capacity,     2.04 MB ( 90%) used,   193.66 KB (  8%) free+waste,    29.00 KB (  1%) overhead. 
       Both:     17.85 MB capacity,    17.22 MB ( 96%) used,   556.35 KB (  3%) free+waste,    86.63 KB ( <1%) overhead. 

Virtual space:
  Non-class space:       16.00 MB reserved,      15.75 MB ( 98%) committed 
      Class space:        1.00 GB reserved,       2.38 MB ( <1%) committed 
             Both:        1.02 GB reserved,      18.13 MB (  2%) committed 

Chunk freelists:
   Non-Class:  36.00 KB
       Class:  0 bytes
        Both:  36.00 KB

MaxMetaspaceSize: 17179869184.00 GB
CompressedClassSpaceSize: 1.00 GB

CodeHeap 'non-profiled nmethods': size=120000Kb used=820Kb max_used=820Kb free=119179Kb
 bounds [0x0000018936be0000, 0x0000018936e50000, 0x000001893e110000]
CodeHeap 'profiled nmethods': size=120000Kb used=3779Kb max_used=3779Kb free=116221Kb
 bounds [0x000001892f6b0000, 0x000001892fa70000, 0x0000018936be0000]
CodeHeap 'non-nmethods': size=5760Kb used=1265Kb max_used=1290Kb free=4494Kb
 bounds [0x000001892f110000, 0x000001892f380000, 0x000001892f6b0000]
 total_blobs=3347 nmethods=2065 adapters=452
 compilation: enabled
              stopped_count=0, restarted_count=0
 full_count=0

Compilation events (20 events):
Event: 27057.985 Thread 0x000001894629a000 2057       3       io.netty.util.HashedWheelTimer$HashedWheelTimeout::isCancelled (14 bytes)
Event: 27057.985 Thread 0x000001894629a000 nmethod 2057 0x000001892fa60810 code [0x000001892fa609a0, 0x000001892fa60b38]
Event: 27057.993 Thread 0x0000018946278800 nmethod 2056% 0x0000018936ca8c10 code [0x0000018936ca8ee0, 0x0000018936ca9690]
Event: 27238.496 Thread 0x000001894629a000 2058       1       io.netty.util.HashedWheelTimer$HashedWheelTimeout::timer (5 bytes)
Event: 27238.497 Thread 0x000001894629a000 nmethod 2058 0x0000018936ca9c90 code [0x0000018936ca9e20, 0x0000018936ca9ef8]
Event: 28469.194 Thread 0x0000018946278800 2059       4       java.util.concurrent.ConcurrentHashMap$ValueIterator::next (34 bytes)
Event: 28469.206 Thread 0x0000018946278800 nmethod 2059 0x0000018936ca9f90 code [0x0000018936caa160, 0x0000018936caa658]
Event: 28950.996 Thread 0x0000018946278800 2060       4       io.netty.util.internal.shaded.org.jctools.queues.MpscUnboundedArrayQueue::offer (6 bytes)
Event: 28951.014 Thread 0x0000018946278800 nmethod 2060 0x0000018936caa890 code [0x0000018936caaa40, 0x0000018936caad28]
Event: 29032.400 Thread 0x0000018946278800 2061       4       java.util.AbstractQueue::add (20 bytes)
Event: 29032.412 Thread 0x0000018946278800 nmethod 2061 0x0000018936caaf10 code [0x0000018936cab0e0, 0x0000018936cab408]
Event: 29051.094 Thread 0x0000018946278800 2062       4       java.util.concurrent.TimeUnit::toNanos (45 bytes)
Event: 29051.095 Thread 0x0000018946278800 nmethod 2062 0x0000018936cab610 code [0x0000018936cab7c0, 0x0000018936cab938]
Event: 29060.994 Thread 0x0000018946278800 2063   !   4       io.netty.util.HashedWheelTimer::start (103 bytes)
Event: 29061.000 Thread 0x0000018946278800 nmethod 2063 0x0000018936caba10 code [0x0000018936cabba0, 0x0000018936cabc98]
Event: 29062.096 Thread 0x0000018946278800 2064       4       io.netty.util.HashedWheelTimer::newTimeout (167 bytes)
Event: 29062.119 Thread 0x0000018946278800 nmethod 2064 0x0000018936cabd90 code [0x0000018936cac000, 0x0000018936cac988]
Event: 29128.096 Thread 0x0000018946278800 2065       4       java.util.concurrent.ConcurrentLinkedDeque::first (65 bytes)
Event: 29128.102 Thread 0x0000018946278800 nmethod 2065 0x0000018936cace90 code [0x0000018936cad020, 0x0000018936cad0f8]
Event: 29176.497 Thread 0x0000018946278800 2066       4       java.util.concurrent.ConcurrentHashMap$Traverser::<init> (36 bytes)

GC Heap History (4 events):
Event: 0.333 GC heap before
{Heap before GC invocations=0 (full 0):
 garbage-first heap   total 129024K, used 23552K [0x0000000082600000, 0x0000000100000000)
  region size 1024K, 23 young (23552K), 0 survivors (0K)
 Metaspace       used 4274K, capacity 7048K, committed 7168K, reserved 1056768K
  class space    used 380K, capacity 649K, committed 768K, reserved 1048576K
}
Event: 0.337 GC heap after
{Heap after GC invocations=1 (full 0):
 garbage-first heap   total 129024K, used 3593K [0x0000000082600000, 0x0000000100000000)
  region size 1024K, 3 young (3072K), 3 survivors (3072K)
 Metaspace       used 4274K, capacity 7048K, committed 7168K, reserved 1056768K
  class space    used 380K, capacity 649K, committed 768K, reserved 1048576K
}
Event: 0.688 GC heap before
{Heap before GC invocations=1 (full 0):
 garbage-first heap   total 129024K, used 34313K [0x0000000082600000, 0x0000000100000000)
  region size 1024K, 33 young (33792K), 3 survivors (3072K)
 Metaspace       used 11455K, capacity 11687K, committed 11904K, reserved 1060864K
  class space    used 1220K, capacity 1298K, committed 1408K, reserved 1048576K
}
Event: 0.693 GC heap after
{Heap after GC invocations=2 (full 0):
 garbage-first heap   total 129024K, used 6702K [0x0000000082600000, 0x0000000100000000)
  region size 1024K, 3 young (3072K), 3 survivors (3072K)
 Metaspace       used 11455K, capacity 11687K, committed 11904K, reserved 1060864K
  class space    used 1220K, capacity 1298K, committed 1408K, reserved 1048576K
}

Deoptimization events (20 events):
Event: 27057.983 Thread 0x00000189463ca000 DEOPT PACKING pc=0x000001892fa5e640 sp=0x0000004f404ff3c0
Event: 27057.983 Thread 0x00000189463ca000 DEOPT UNPACKING pc=0x000001892f15964e sp=0x0000004f404fe8e8 mode 0
Event: 27057.983 Thread 0x00000189463ca000 DEOPT PACKING pc=0x000001892fa5e640 sp=0x0000004f404ff3c0
Event: 27057.983 Thread 0x00000189463ca000 DEOPT UNPACKING pc=0x000001892f15964e sp=0x0000004f404fe8e8 mode 0
Event: 27057.985 Thread 0x00000189463ca000 DEOPT PACKING pc=0x000001892fa5e640 sp=0x0000004f404ff3c0
Event: 27057.985 Thread 0x00000189463ca000 DEOPT UNPACKING pc=0x000001892f15964e sp=0x0000004f404fe8e8 mode 0
Event: 27057.986 Thread 0x00000189463ca000 DEOPT PACKING pc=0x000001892fa5e640 sp=0x0000004f404ff3c0
Event: 27057.986 Thread 0x00000189463ca000 DEOPT UNPACKING pc=0x000001892f15964e sp=0x0000004f404fe8e8 mode 0
Event: 27057.988 Thread 0x00000189463ca000 DEOPT PACKING pc=0x000001892fa5e640 sp=0x0000004f404ff3c0
Event: 27057.988 Thread 0x00000189463ca000 DEOPT UNPACKING pc=0x000001892f15964e sp=0x0000004f404fe8e8 mode 0
Event: 27057.989 Thread 0x00000189463ca000 DEOPT PACKING pc=0x000001892fa5e640 sp=0x0000004f404ff3c0
Event: 27057.989 Thread 0x00000189463ca000 DEOPT UNPACKING pc=0x000001892f15964e sp=0x0000004f404fe8e8 mode 0
Event: 27057.991 Thread 0x00000189463ca000 DEOPT PACKING pc=0x000001892fa5e640 sp=0x0000004f404ff3c0
Event: 27057.991 Thread 0x00000189463ca000 DEOPT UNPACKING pc=0x000001892f15964e sp=0x0000004f404fe8e8 mode 0
Event: 27057.991 Thread 0x00000189463ca000 DEOPT PACKING pc=0x000001892fa5e640 sp=0x0000004f404ff3c0
Event: 27057.991 Thread 0x00000189463ca000 DEOPT UNPACKING pc=0x000001892f15964e sp=0x0000004f404fe8e8 mode 0
Event: 27057.992 Thread 0x00000189463ca000 DEOPT PACKING pc=0x000001892fa5e640 sp=0x0000004f404ff3c0
Event: 27057.992 Thread 0x00000189463ca000 DEOPT UNPACKING pc=0x000001892f15964e sp=0x0000004f404fe8e8 mode 0
Event: 27057.993 Thread 0x00000189463ca000 DEOPT PACKING pc=0x000001892fa5e640 sp=0x0000004f404ff3c0
Event: 27057.993 Thread 0x00000189463ca000 DEOPT UNPACKING pc=0x000001892f15964e sp=0x0000004f404fe8e8 mode 0

Classes unloaded (0 events):
No events

Classes redefined (0 events):
No events

Internal exceptions (20 events):
Event: 0.446 Thread 0x0000018926988800 Exception <a 'java/lang/NoSuchMethodError'{0x0000000089986c80}: 'int java.lang.invoke.DirectMethodHandle$Holder.invokeStaticInit(java.lang.Object, java.lang.Object)'> (0x0000000089986c80) 
thrown [./open/src/hotspot/share/interpreter/linkResolver.cpp, line 766]
Event: 0.565 Thread 0x0000018926988800 Exception <a 'java/lang/NoSuchMethodError'{0x00000000892603a0}: 'java.lang.Object java.lang.invoke.DirectMethodHandle$Holder.invokeStaticInit(java.lang.Object, java.lang.Object, int, int, int, int)'> (0x00000000892603a0) 
thrown [./open/src/hotspot/share/interpreter/linkResolver.cpp, line 766]
Event: 0.685 Thread 0x0000018926988800 Exception <a 'java/lang/NoSuchMethodError'{0x00000000883a1a90}: 'java.lang.Object java.lang.invoke.DirectMethodHandle$Holder.invokeSpecialIFC(java.lang.Object, java.lang.Object, java.lang.Object, java.lang.Object)'> (0x00000000883a1a90) 
thrown [./open/src/hotspot/share/interpreter/linkResolver.cpp, line 766]
Event: 0.704 Thread 0x0000018926988800 Exception <a 'java/lang/NoSuchMethodError'{0x000000008a3f3b88}: 'void java.lang.invoke.DirectMethodHandle$Holder.invokeSpecial(java.lang.Object, java.lang.Object, java.lang.Object, java.lang.Object)'> (0x000000008a3f3b88) 
thrown [./open/src/hotspot/share/interpreter/linkResolver.cpp, line 766]
Event: 0.736 Thread 0x00000189463cb000 Exception <a 'java/lang/NoSuchMethodError'{0x0000000089fa5938}: 'void java.lang.invoke.DirectMethodHandle$Holder.invokeStatic(java.lang.Object, long)'> (0x0000000089fa5938) 
thrown [./open/src/hotspot/share/interpreter/linkResolver.cpp, line 766]
Event: 0.739 Thread 0x00000189463cb000 Exception <a 'java/lang/NoSuchMethodError'{0x0000000089fb01f8}: 'java.lang.Object java.lang.invoke.DirectMethodHandle$Holder.invokeStaticInit(java.lang.Object, java.lang.Object, long, java.lang.Object)'> (0x0000000089fb01f8) 
thrown [./open/src/hotspot/share/interpreter/linkResolver.cpp, line 766]
Event: 0.739 Thread 0x00000189463cb000 Exception <a 'java/lang/NoSuchMethodError'{0x0000000089fb5f40}: 'java.lang.Object java.lang.invoke.Invokers$Holder.linkToTargetMethod(java.lang.Object, long, java.lang.Object)'> (0x0000000089fb5f40) 
thrown [./open/src/hotspot/share/interpreter/linkResolver.cpp, line 766]
Event: 1.239 Thread 0x0000018926988800 Exception <a 'java/lang/NoSuchMethodError'{0x0000000089dbe850}: 'java.lang.Object java.lang.invoke.DirectMethodHandle$Holder.invokeInterface(java.lang.Object, java.lang.Object, java.lang.Object)'> (0x0000000089dbe850) 
thrown [./open/src/hotspot/share/interpreter/linkResolver.cpp, line 766]
Event: 1.239 Thread 0x0000018926988800 Exception <a 'java/lang/IncompatibleClassChangeError'{0x0000000089dc1208}: Found class java.lang.Object, but interface was expected> (0x0000000089dc1208) 
thrown [./open/src/hotspot/share/interpreter/linkResolver.cpp, line 832]
Event: 1.240 Thread 0x0000018926988800 Exception <a 'java/lang/NoSuchMethodError'{0x0000000089dc8e60}: 'int java.lang.invoke.DirectMethodHandle$Holder.invokeSpecialIFC(java.lang.Object, java.lang.Object, java.lang.Object, java.lang.Object)'> (0x0000000089dc8e60) 
thrown [./open/src/hotspot/share/interpreter/linkResolver.cpp, line 766]
Event: 1.246 Thread 0x0000018926988800 Exception <a 'java/lang/NoSuchMethodError'{0x0000000089c23b40}: 'double java.lang.invoke.DirectMethodHandle$Holder.invokeVirtual(java.lang.Object, java.lang.Object)'> (0x0000000089c23b40) 
thrown [./open/src/hotspot/share/interpreter/linkResolver.cpp, line 766]
Event: 1.246 Thread 0x0000018926988800 Exception <a 'java/lang/NoSuchMethodError'{0x0000000089c29328}: 'float java.lang.invoke.DirectMethodHandle$Holder.invokeVirtual(java.lang.Object, java.lang.Object)'> (0x0000000089c29328) 
thrown [./open/src/hotspot/share/interpreter/linkResolver.cpp, line 766]
Event: 1.247 Thread 0x0000018926988800 Exception <a 'java/lang/NoSuchMethodError'{0x0000000089c30de8}: 'long java.lang.invoke.DirectMethodHandle$Holder.invokeVirtual(java.lang.Object, java.lang.Object)'> (0x0000000089c30de8) 
thrown [./open/src/hotspot/share/interpreter/linkResolver.cpp, line 766]
Event: 1.250 Thread 0x0000018926988800 Exception <a 'java/lang/NoSuchMethodError'{0x0000000089c75418}: 'java.lang.Object java.lang.invoke.DirectMethodHandle$Holder.invokeVirtual(java.lang.Object, java.lang.Object, java.lang.Object)'> (0x0000000089c75418) 
thrown [./open/src/hotspot/share/interpreter/linkResolver.cpp, line 766]
Event: 1.269 Thread 0x0000018926988800 Exception <a 'java/lang/NoSuchMethodError'{0x0000000089bb9e20}: 'void java.lang.invoke.DirectMethodHandle$Holder.invokeSpecial(java.lang.Object, java.lang.Object, java.lang.Object, java.lang.Object, java.lang.Object)'> (0x0000000089bb9e20) 
thrown [./open/src/hotspot/share/interpreter/linkResolver.cpp, line 766]
Event: 1.302 Thread 0x0000018926988800 Exception <a 'java/lang/NoSuchMethodError'{0x0000000089898f08}: 'java.lang.Object java.lang.invoke.Invokers$Holder.invokeExact_MT(java.lang.Object, java.lang.Object, java.lang.Object, java.lang.Object, java.lang.Object, java.lang.Object)'> (0x0000000089898f08) 
thrown [./open/src/hotspot/share/interpreter/linkResolver.cpp, line 766]
Event: 1.356 Thread 0x0000018926988800 Exception <a 'java/lang/NoSuchMethodError'{0x0000000089496558}: 'void java.lang.invoke.DirectMethodHandle$Holder.invokeStatic(java.lang.Object, java.lang.Object, java.lang.Object, java.lang.Object)'> (0x0000000089496558) 
thrown [./open/src/hotspot/share/interpreter/linkResolver.cpp, line 766]
Event: 1.385 Thread 0x0000018926988800 Exception <a 'java/lang/NoSuchMethodError'{0x0000000088f70d90}: 'void java.lang.invoke.DirectMethodHandle$Holder.invokeSpecial(java.lang.Object, java.lang.Object, java.lang.Object, java.lang.Object, java.lang.Object, java.lang.Object)'> (0x0000000088f70d90) 
thrown [./open/src/hotspot/share/interpreter/linkResolver.cpp, line 766]
Event: 3.636 Thread 0x0000018926988800 Exception <a 'java/lang/NoSuchMethodError'{0x0000000087dc0128}: 'java.lang.Object java.lang.invoke.DirectMethodHandle$Holder.invokeSpecialIFC(java.lang.Object, java.lang.Object, java.lang.Object)'> (0x0000000087dc0128) 
thrown [./open/src/hotspot/share/interpreter/linkResolver.cpp, line 766]
Event: 3.656 Thread 0x0000018926988800 Exception <a 'java/lang/ClassNotFoundException'{0x0000000087c62d80}: sun/util/logging/resources/spi/loggingProvider> (0x0000000087c62d80) 
thrown [./open/src/hotspot/share/classfile/systemDictionary.cpp, line 226]

Events (20 events):
Event: 7.289 Executing VM operation: HandshakeOneThread done
Event: 7.526 Executing VM operation: HandshakeOneThread
Event: 7.526 Executing VM operation: HandshakeOneThread done
Event: 7.526 Executing VM operation: BulkRevokeBias
Event: 7.527 Executing VM operation: BulkRevokeBias done
Event: 8.222 Thread 0x0000018926988800 Thread exited: 0x0000018926988800
Event: 8.222 Thread 0x000001894647c800 Thread added: 0x000001894647c800
Event: 20.745 Executing VM operation: HandshakeOneThread
Event: 20.745 Executing VM operation: HandshakeOneThread done
Event: 20.745 Executing VM operation: HandshakeOneThread
Event: 20.745 Executing VM operation: HandshakeOneThread done
Event: 20.748 loading class java/util/concurrent/CompletionException
Event: 20.748 loading class java/util/concurrent/CompletionException done
Event: 20.749 loading class java/lang/StackTraceElement$HashedModules
Event: 20.749 loading class java/lang/StackTraceElement$HashedModules done
Event: 80.753 Executing VM operation: HandshakeOneThread
Event: 80.753 Executing VM operation: HandshakeOneThread done
Event: 80.754 Executing VM operation: HandshakeOneThread
Event: 80.754 Executing VM operation: HandshakeOneThread done
Event: 80.754 Thread 0x00000189463c8800 Thread exited: 0x00000189463c8800


Dynamic libraries:
0x00007ff7af570000 - 0x00007ff7af57f000 	C:\Program Files\Java\jdk-14.0.1\bin\javaw.exe
0x00007ffc66240000 - 0x00007ffc66430000 	C:\WINDOWS\SYSTEM32\ntdll.dll
0x00007ffc642f0000 - 0x00007ffc643a2000 	C:\WINDOWS\System32\KERNEL32.DLL
0x00007ffc63c50000 - 0x00007ffc63ef4000 	C:\WINDOWS\System32\KERNELBASE.dll
0x00007ffc63f80000 - 0x00007ffc6407a000 	C:\WINDOWS\System32\ucrtbase.dll
0x00007ffc5eec0000 - 0x00007ffc5eed5000 	C:\Program Files\Java\jdk-14.0.1\bin\VCRUNTIME140.dll
0x00007ffc523b0000 - 0x00007ffc523c8000 	C:\Program Files\Java\jdk-14.0.1\bin\jli.dll
0x00007ffc64cd0000 - 0x00007ffc64d73000 	C:\WINDOWS\System32\ADVAPI32.dll
0x00007ffc66160000 - 0x00007ffc661fe000 	C:\WINDOWS\System32\msvcrt.dll
0x00007ffc64490000 - 0x00007ffc64527000 	C:\WINDOWS\System32\sechost.dll
0x00007ffc65b10000 - 0x00007ffc65c30000 	C:\WINDOWS\System32\RPCRT4.dll
0x00007ffc64f30000 - 0x00007ffc650c4000 	C:\WINDOWS\System32\USER32.dll
0x00007ffc63970000 - 0x00007ffc63991000 	C:\WINDOWS\System32\win32u.dll
0x00007ffc66110000 - 0x00007ffc66136000 	C:\WINDOWS\System32\GDI32.dll
0x00007ffc54730000 - 0x00007ffc549b4000 	C:\WINDOWS\WinSxS\amd64_microsoft.windows.common-controls_6595b64144ccf1df_6.0.18362.900_none_e6beb9d913147d17\COMCTL32.dll
0x00007ffc640b0000 - 0x00007ffc64245000 	C:\WINDOWS\System32\gdi32full.dll
0x00007ffc650d0000 - 0x00007ffc65405000 	C:\WINDOWS\System32\combase.dll
0x00007ffc64250000 - 0x00007ffc642ee000 	C:\WINDOWS\System32\msvcp_win.dll
0x00007ffc63f00000 - 0x00007ffc63f80000 	C:\WINDOWS\System32\bcryptPrimitives.dll
0x00007ffc5d9e0000 - 0x00007ffc5d9ea000 	C:\WINDOWS\SYSTEM32\VERSION.dll
0x00007ffc64f00000 - 0x00007ffc64f2e000 	C:\WINDOWS\System32\IMM32.DLL
0x00007ffc41f40000 - 0x00007ffc4219c000 	C:\Program Files (x86)\dynatrace\oneagent\agent\bin\1.195.148.20200707-160955\windows-x86-64\oneagentproc.dll
0x00007ffc51600000 - 0x00007ffc5169b000 	C:\Program Files\Java\jdk-14.0.1\bin\msvcp140.dll
0x00007ffbe9a30000 - 0x00007ffbea54e000 	C:\Program Files\Java\jdk-14.0.1\bin\server\jvm.dll
0x00007ffc65d90000 - 0x00007ffc65d98000 	C:\WINDOWS\System32\PSAPI.DLL
0x00007ffc35900000 - 0x00007ffc35909000 	C:\WINDOWS\SYSTEM32\WSOCK32.dll
0x00007ffc5fb50000 - 0x00007ffc5fb74000 	C:\WINDOWS\SYSTEM32\WINMM.dll
0x00007ffc65560000 - 0x00007ffc655cf000 	C:\WINDOWS\System32\WS2_32.dll
0x00007ffc5fb20000 - 0x00007ffc5fb4d000 	C:\WINDOWS\SYSTEM32\WINMMBASE.dll
0x00007ffc63ba0000 - 0x00007ffc63bea000 	C:\WINDOWS\System32\cfgmgr32.dll
0x00007ffc63190000 - 0x00007ffc631a1000 	C:\WINDOWS\System32\kernel.appcore.dll
0x00007ffc524b0000 - 0x00007ffc524ba000 	C:\Program Files\Java\jdk-14.0.1\bin\jimage.dll
0x00007ffc47a60000 - 0x00007ffc47c54000 	C:\WINDOWS\SYSTEM32\DBGHELP.DLL
0x00007ffc47cc0000 - 0x00007ffc47cea000 	C:\WINDOWS\SYSTEM32\dbgcore.DLL
0x00007ffc51ca0000 - 0x00007ffc51cc5000 	C:\Program Files\Java\jdk-14.0.1\bin\java.dll
0x00007ffc52160000 - 0x00007ffc52176000 	C:\Program Files\Java\jdk-14.0.1\bin\zip.dll
0x00007ffc64530000 - 0x00007ffc64c16000 	C:\WINDOWS\System32\SHELL32.dll
0x00007ffc64c20000 - 0x00007ffc64cc9000 	C:\WINDOWS\System32\shcore.dll
0x00007ffc631d0000 - 0x00007ffc63950000 	C:\WINDOWS\System32\windows.storage.dll
0x00007ffc63110000 - 0x00007ffc63133000 	C:\WINDOWS\System32\profapi.dll
0x00007ffc63140000 - 0x00007ffc6318a000 	C:\WINDOWS\System32\powrprof.dll
0x00007ffc63100000 - 0x00007ffc63110000 	C:\WINDOWS\System32\UMPDC.dll
0x00007ffc65aa0000 - 0x00007ffc65af2000 	C:\WINDOWS\System32\shlwapi.dll
0x00007ffc63950000 - 0x00007ffc63967000 	C:\WINDOWS\System32\cryptsp.dll
0x00007ffc52130000 - 0x00007ffc52149000 	C:\Program Files\Java\jdk-14.0.1\bin\net.dll
0x00007ffc5a640000 - 0x00007ffc5a730000 	C:\WINDOWS\SYSTEM32\WINHTTP.dll
0x00007ffc62970000 - 0x00007ffc629d7000 	C:\WINDOWS\system32\mswsock.dll
0x00007ffc52080000 - 0x00007ffc52092000 	C:\Program Files\Java\jdk-14.0.1\bin\nio.dll
0x00007ffc626c0000 - 0x00007ffc6278b000 	C:\WINDOWS\SYSTEM32\DNSAPI.dll
0x00007ffc65b00000 - 0x00007ffc65b08000 	C:\WINDOWS\System32\NSI.dll
0x00007ffc62680000 - 0x00007ffc626ba000 	C:\WINDOWS\SYSTEM32\IPHLPAPI.DLL
0x00007ffc53c50000 - 0x00007ffc53c5a000 	C:\Windows\System32\rasadhlp.dll
0x00007ffc56c80000 - 0x00007ffc56cf7000 	C:\WINDOWS\System32\fwpuclnt.dll
0x00007ffc64080000 - 0x00007ffc640a6000 	C:\WINDOWS\System32\bcrypt.dll
0x00007ffc52440000 - 0x00007ffc52450000 	C:\Program Files\Java\jdk-14.0.1\bin\verify.dll
0x00007ffc5f790000 - 0x00007ffc5f799000 	C:\Program Files\Java\jdk-14.0.1\bin\management.dll
0x00007ffc5f780000 - 0x00007ffc5f78b000 	C:\Program Files\Java\jdk-14.0.1\bin\management_ext.dll
0x00007ffc5f6f0000 - 0x00007ffc5f6fe000 	C:\Program Files\Java\jdk-14.0.1\bin\sunmscapi.dll
0x00007ffc63a50000 - 0x00007ffc63b99000 	C:\WINDOWS\System32\CRYPT32.dll
0x00007ffc631b0000 - 0x00007ffc631c2000 	C:\WINDOWS\System32\MSASN1.dll
0x00007ffc62c40000 - 0x00007ffc62c66000 	C:\WINDOWS\SYSTEM32\ncrypt.dll
0x00007ffc62c00000 - 0x00007ffc62c3b000 	C:\WINDOWS\SYSTEM32\NTASN1.dll
0x00007ffc50b20000 - 0x00007ffc50b45000 	C:\Program Files\Java\jdk-14.0.1\bin\sunec.dll
0x00007ffc624e0000 - 0x00007ffc62513000 	C:\WINDOWS\system32\rsaenh.dll
0x00007ffc63020000 - 0x00007ffc63045000 	C:\WINDOWS\SYSTEM32\USERENV.dll
0x00007ffc62b40000 - 0x00007ffc62b4c000 	C:\WINDOWS\SYSTEM32\CRYPTBASE.dll
0x00007ffc58fc0000 - 0x00007ffc58fd6000 	C:\WINDOWS\SYSTEM32\dhcpcsvc6.DLL
0x00007ffc5a620000 - 0x00007ffc5a63c000 	C:\WINDOWS\SYSTEM32\dhcpcsvc.DLL
0x00007ffc3c960000 - 0x00007ffc3c976000 	C:\WINDOWS\system32\napinsp.dll
0x00007ffc3c980000 - 0x00007ffc3c99a000 	C:\WINDOWS\system32\pnrpnsp.dll
0x00007ffc3c950000 - 0x00007ffc3c95e000 	C:\WINDOWS\System32\winrnr.dll
0x00007ffc5f630000 - 0x00007ffc5f64c000 	C:\WINDOWS\system32\NLAapi.dll
0x00007ffc3c930000 - 0x00007ffc3c945000 	C:\WINDOWS\system32\wshbth.dll

dbghelp: loaded successfully - version: 4.0.5 - missing functions: none
symbol engine: initialized successfully - sym options: 0x614 - pdb path: .;C:\Program Files\Java\jdk-14.0.1\bin;C:\WINDOWS\SYSTEM32;C:\WINDOWS\WinSxS\amd64_microsoft.windows.common-controls_6595b64144ccf1df_6.0.18362.900_none_e6beb9d913147d17;C:\Program Files (x86)\dynatrace\oneagent\agent\bin\1.195.148.20200707-160955\windows-x86-64;C:\Program Files\Java\jdk-14.0.1\bin\server

VM Arguments:
jvm_args: -Dfile.encoding=Cp1252 
java_command: BaseDriver.FrameworkDriver
java_class_path (initial): C:\Users\PREDATOR\eclipse-workspace\BasheerTestFramework\target\test-classes;C:\Users\PREDATOR\eclipse-workspace\BasheerTestFramework\target\classes;C:\Users\PREDATOR\.m2\repository\org\testng\testng\6.8\testng-6.8.jar;C:\Users\PREDATOR\.m2\repository\junit\junit\4.10\junit-4.10.jar;C:\Users\PREDATOR\.m2\repository\org\hamcrest\hamcrest-core\1.1\hamcrest-core-1.1.jar;C:\Users\PREDATOR\.m2\repository\org\beanshell\bsh\2.0b4\bsh-2.0b4.jar;C:\Users\PREDATOR\.m2\repository\com\beust\jcommander\1.27\jcommander-1.27.jar;C:\Users\PREDATOR\.m2\repository\org\yaml\snakeyaml\1.6\snakeyaml-1.6.jar;C:\Users\PREDATOR\.m2\repository\org\seleniumhq\selenium\selenium-java\4.0.0-alpha-6\selenium-java-4.0.0-alpha-6.jar;C:\Users\PREDATOR\.m2\repository\org\seleniumhq\selenium\selenium-api\4.0.0-alpha-6\selenium-api-4.0.0-alpha-6.jar;C:\Users\PREDATOR\.m2\repository\org\seleniumhq\selenium\selenium-chrome-driver\4.0.0-alpha-6\selenium-chrome-driver-4.0.0-alpha-6.jar;C:\Users\PREDATOR\.m2\repository\com\google\auto\service\auto-service-annotations\1.0-rc6\auto-service-annotations-1.0-rc6.jar;C:\Users\PREDATOR\.m2\repository\com\google\auto\service\auto-service\1.0-rc6\auto-service-1.0-rc6.jar;C:\Users\PREDATOR\.m2\repository\com\google\auto\auto-common\0.10\auto-common-0.10.jar;C:\Users\PREDATOR\.m2\repository\com\google\guava\guava\29.0-jre\guava-29.0-jre.jar;C:\Users\PREDATOR\.m2\repository\com\google\guava\failureaccess\1.0.1\failureaccess-1.0.1.jar;C:\Users\PREDATOR\.m2\repository\com\google\guava\listenablefuture\9999.0-empty-to-avoid-conflict-with-guava\listenablefuture-9999.0-empty-to-avoid-conflict-with-guava.jar;C:\Users\PREDATOR\.m2\repository\com\google\code\findbugs\jsr305\3.0.2\jsr305-3.0.2.jar;C:\Users\PREDATOR\.m2\repository\org\checkerframework\checker-qual\2.11.1\checker-qual-2.11.1.jar;C:\Users\PREDATOR\.m2\repository\com\google\errorprone\error_prone_annotations\2.3.4\error_prone_annotations-2.3.4.jar;C:\Users\PREDATOR\.m2\repository\com\g
Launcher Type: SUN_STANDARD

[Global flags]
     intx CICompilerCount                          = 4                                         {product} {ergonomic}
     uint ConcGCThreads                            = 2                                         {product} {ergonomic}
     uint G1ConcRefinementThreads                  = 8                                         {product} {ergonomic}
   size_t G1HeapRegionSize                         = 1048576                                   {product} {ergonomic}
    uintx GCDrainStackTargetSize                   = 64                                        {product} {ergonomic}
   size_t InitialHeapSize                          = 132120576                                 {product} {ergonomic}
   size_t MarkStackSize                            = 4194304                                   {product} {ergonomic}
   size_t MaxHeapSize                              = 2107637760                                {product} {ergonomic}
   size_t MaxNewSize                               = 1264582656                                {product} {ergonomic}
   size_t MinHeapDeltaBytes                        = 1048576                                   {product} {ergonomic}
   size_t MinHeapSize                              = 8388608                                   {product} {ergonomic}
    uintx NonNMethodCodeHeapSize                   = 5839372                                {pd product} {ergonomic}
    uintx NonProfiledCodeHeapSize                  = 122909434                              {pd product} {ergonomic}
    uintx ProfiledCodeHeapSize                     = 122909434                              {pd product} {ergonomic}
    uintx ReservedCodeCacheSize                    = 251658240                              {pd product} {ergonomic}
     bool SegmentedCodeCache                       = true                                      {product} {ergonomic}
   size_t SoftMaxHeapSize                          = 2107637760                             {manageable} {ergonomic}
     bool UseCompressedClassPointers               = true                                 {lp64_product} {ergonomic}
     bool UseCompressedOops                        = true                                 {lp64_product} {ergonomic}
     bool UseG1GC                                  = true                                      {product} {ergonomic}
     bool UseLargePagesIndividualAllocation        = false                                  {pd product} {ergonomic}

Logging:
Log output configuration:
 #0: stdout all=warning uptime,level,tags
 #1: stderr all=off uptime,level,tags

Environment Variables:
JAVA_HOME=C:\Program Files\Java\jdk-14.0.1
PATH=C:/Program Files/Java/jdk-14.0.1/bin/server;C:/Program Files/Java/jdk-14.0.1/bin;C:\Program Files\Micro Focus\NV\lib\shunra\vcat;C:\WINDOWS\system32;C:\WINDOWS;C:\WINDOWS\System32\Wbem;C:\WINDOWS\System32\WindowsPowerShell\v1.0\;C:\WINDOWS\System32\OpenSSH\;C:\Program Files (x86)\Intel\Intel(R) Management Engine Components\DAL;C:\Program Files\Intel\Intel(R) Management Engine Components\DAL;C:\Program Files\Java\jdk-14.0.1\bin;C:\Users\PREDATOR\Documents\apache-maven-3.6.3\bin;C:\Program Files\Git\cmd;C:\Program Files\nodejs\;C:\Users\PREDATOR\AppData\Local\Microsoft\WindowsApps;C:\Users\PREDATOR\AppData\Local\Programs\Fiddler;C:\Users\PREDATOR\AppData\Local\Microsoft\WindowsApps;C:\Users\PREDATOR\AppData\Local\GitHubDesktop\bin;C:\Users\PREDATOR\AppData\Roaming\npm;C:\Program Files\nodejs;C:\Program Files\nodejs\node_modules\npm\bin;C:\ffmpeg\bin;;C:\WINDOWS\system32;
USERNAME=PREDATOR
OS=Windows_NT
PROCESSOR_IDENTIFIER=Intel64 Family 6 Model 158 Stepping 10, GenuineIntel



---------------  S Y S T E M  ---------------

OS: Windows 10 , 64 bit Build 18362 (10.0.18362.900)
OS uptime: 1 days 21:09 hours

CPU:total 8 (initial active 8) (4 cores per cpu, 2 threads per core) family 6 model 158 stepping 10, cmov, cx8, fxsr, mmx, sse, sse2, sse3, ssse3, sse4.1, sse4.2, popcnt, avx, avx2, aes, clmul, erms, 3dnowpref, lzcnt, ht, tsc, tscinvbit, bmi1, bmi2, adx, fma

Memory: 4k page, system-wide physical 8034M (401M free)
TotalPageFile size 23153M (AvailPageFile size 2M)
current process WorkingSet (physical memory assigned to process): 12M, peak: 153M
current process commit charge ("private bytes"): 256M, peak: 266M

vm_info: Java HotSpot(TM) 64-Bit Server VM (14.0.1+7) for windows-amd64 JRE (14.0.1+7), built on Mar  5 2020 10:30:14 by "mach5one" with MS VC++ 15.9 (VS2017)

END.
